<?xml version="1.0" encoding="UTF-8"?>
<testng-results skipped="0" failed="0" ignored="0" total="1" passed="1">
  <reporter-output>
  </reporter-output>
  <suite name="Default suite" duration-ms="5416" started-at="2020-03-28T17:04:05Z" finished-at="2020-03-28T17:04:10Z">
    <groups>
    </groups>
    <test name="Default test" duration-ms="5416" started-at="2020-03-28T17:04:05Z" finished-at="2020-03-28T17:04:10Z">
      <class name="Test.test_delete">
        <test-method status="PASS" signature="post_test_req()[pri:0, instance:Test.test_delete@4501b7af]" name="post_test_req" duration-ms="5355" started-at="2020-03-28T17:04:05Z" finished-at="2020-03-28T17:04:10Z">
          <reporter-output>
          </reporter-output>
        </test-method> <!-- post_test_req -->
      </class> <!-- Test.test_delete -->
    </test> <!-- Default test -->
  </suite> <!-- Default suite -->
</testng-results>
